<?xml version="1.0" encoding="UTF-8" ?>
<testsuite errors="0" failures="0" hostname="ChristophsMBP2" name="at.hm.sew.quackologie.test.TestZaehlendeEntenfabrik" skipped="0" tests="4" time="0.051" timestamp="2014-12-18T19:29:14">
  <properties>
[...]
</properties>
  <testcase classname="at.hm.sew.quackologie.test.TestZaehlendeEntenfabrik" name="testErzeugeStockEnte" time="0.003" />
  <testcase classname="at.hm.sew.quackologie.test.TestZaehlendeEntenfabrik" name="testErzeugeLockPfeife" time="0.001" />
  <testcase classname="at.hm.sew.quackologie.test.TestZaehlendeEntenfabrik" name="testErzeugeGummiEnte" time="0.001" />
  <testcase classname="at.hm.sew.quackologie.test.TestZaehlendeEntenfabrik" name="testErzeugeMoorEnte" time="0.001" />
  <system-out><![CDATA[]]></system-out>
  <system-err><![CDATA[]]></system-err>
</testsuite>
